DDI-DrugBank.d658.s0|DDI-DrugBank.d658.s0.e0|DDI-DrugBank.d658.s0.e1|effect
DDI-DrugBank.d219.s0|DDI-DrugBank.d219.s0.e0|DDI-DrugBank.d219.s0.e2|effect
DDI-DrugBank.d219.s0|DDI-DrugBank.d219.s0.e1|DDI-DrugBank.d219.s0.e2|effect
DDI-DrugBank.d219.s1|DDI-DrugBank.d219.s1.e0|DDI-DrugBank.d219.s1.e1|advise
DDI-DrugBank.d219.s2|DDI-DrugBank.d219.s2.e1|DDI-DrugBank.d219.s2.e2|mechanism
DDI-DrugBank.d219.s4|DDI-DrugBank.d219.s4.e1|DDI-DrugBank.d219.s4.e2|mechanism
DDI-DrugBank.d219.s6|DDI-DrugBank.d219.s6.e0|DDI-DrugBank.d219.s6.e1|advise
DDI-DrugBank.d219.s6|DDI-DrugBank.d219.s6.e0|DDI-DrugBank.d219.s6.e2|advise
DDI-DrugBank.d219.s6|DDI-DrugBank.d219.s6.e1|DDI-DrugBank.d219.s6.e2|advise
DDI-DrugBank.d219.s11|DDI-DrugBank.d219.s11.e0|DDI-DrugBank.d219.s11.e1|effect
DDI-DrugBank.d219.s11|DDI-DrugBank.d219.s11.e0|DDI-DrugBank.d219.s11.e2|effect
DDI-DrugBank.d219.s14|DDI-DrugBank.d219.s14.e1|DDI-DrugBank.d219.s14.e2|mechanism
DDI-DrugBank.d219.s15|DDI-DrugBank.d219.s15.e1|DDI-DrugBank.d219.s15.e2|mechanism
DDI-DrugBank.d219.s15|DDI-DrugBank.d219.s15.e1|DDI-DrugBank.d219.s15.e3|mechanism
DDI-DrugBank.d219.s18|DDI-DrugBank.d219.s18.e0|DDI-DrugBank.d219.s18.e1|advise
DDI-DrugBank.d219.s19|DDI-DrugBank.d219.s19.e1|DDI-DrugBank.d219.s19.e2|mechanism
DDI-DrugBank.d219.s21|DDI-DrugBank.d219.s21.e1|DDI-DrugBank.d219.s21.e2|mechanism
DDI-DrugBank.d219.s22|DDI-DrugBank.d219.s22.e1|DDI-DrugBank.d219.s22.e2|effect
DDI-DrugBank.d219.s25|DDI-DrugBank.d219.s25.e0|DDI-DrugBank.d219.s25.e1|advise
DDI-DrugBank.d219.s26|DDI-DrugBank.d219.s26.e0|DDI-DrugBank.d219.s26.e1|advise
DDI-DrugBank.d219.s27|DDI-DrugBank.d219.s27.e0|DDI-DrugBank.d219.s27.e1|effect
DDI-DrugBank.d253.s1|DDI-DrugBank.d253.s1.e0|DDI-DrugBank.d253.s1.e1|advise
DDI-DrugBank.d253.s2|DDI-DrugBank.d253.s2.e0|DDI-DrugBank.d253.s2.e4|effect
DDI-DrugBank.d253.s2|DDI-DrugBank.d253.s2.e1|DDI-DrugBank.d253.s2.e4|effect
DDI-DrugBank.d253.s2|DDI-DrugBank.d253.s2.e2|DDI-DrugBank.d253.s2.e4|effect
DDI-DrugBank.d253.s2|DDI-DrugBank.d253.s2.e3|DDI-DrugBank.d253.s2.e4|effect
DDI-DrugBank.d253.s3|DDI-DrugBank.d253.s3.e0|DDI-DrugBank.d253.s3.e5|effect
DDI-DrugBank.d253.s3|DDI-DrugBank.d253.s3.e1|DDI-DrugBank.d253.s3.e5|effect
DDI-DrugBank.d253.s3|DDI-DrugBank.d253.s3.e2|DDI-DrugBank.d253.s3.e5|effect
DDI-DrugBank.d253.s3|DDI-DrugBank.d253.s3.e3|DDI-DrugBank.d253.s3.e5|effect
DDI-DrugBank.d253.s3|DDI-DrugBank.d253.s3.e4|DDI-DrugBank.d253.s3.e5|effect
DDI-DrugBank.d734.s0|DDI-DrugBank.d734.s0.e0|DDI-DrugBank.d734.s0.e1|effect
DDI-DrugBank.d734.s1|DDI-DrugBank.d734.s1.e0|DDI-DrugBank.d734.s1.e1|effect
DDI-DrugBank.d734.s2|DDI-DrugBank.d734.s2.e0|DDI-DrugBank.d734.s2.e1|mechanism
DDI-DrugBank.d439.s0|DDI-DrugBank.d439.s0.e0|DDI-DrugBank.d439.s0.e1|effect
DDI-DrugBank.d320.s1|DDI-DrugBank.d320.s1.e0|DDI-DrugBank.d320.s1.e1|mechanism
DDI-DrugBank.d320.s1|DDI-DrugBank.d320.s1.e0|DDI-DrugBank.d320.s1.e2|mechanism
DDI-DrugBank.d320.s1|DDI-DrugBank.d320.s1.e1|DDI-DrugBank.d320.s1.e2|mechanism
DDI-DrugBank.d17.s12|DDI-DrugBank.d17.s12.e0|DDI-DrugBank.d17.s12.e1|effect
DDI-DrugBank.d17.s21|DDI-DrugBank.d17.s21.e0|DDI-DrugBank.d17.s21.e1|advise
DDI-DrugBank.d17.s25|DDI-DrugBank.d17.s25.e0|DDI-DrugBank.d17.s25.e1|effect
DDI-DrugBank.d17.s25|DDI-DrugBank.d17.s25.e0|DDI-DrugBank.d17.s25.e3|effect
DDI-DrugBank.d17.s26|DDI-DrugBank.d17.s26.e0|DDI-DrugBank.d17.s26.e1|advise
DDI-DrugBank.d17.s28|DDI-DrugBank.d17.s28.e0|DDI-DrugBank.d17.s28.e1|effect
DDI-DrugBank.d17.s31|DDI-DrugBank.d17.s31.e0|DDI-DrugBank.d17.s31.e1|effect
DDI-DrugBank.d318.s2|DDI-DrugBank.d318.s2.e0|DDI-DrugBank.d318.s2.e1|effect
DDI-DrugBank.d318.s2|DDI-DrugBank.d318.s2.e0|DDI-DrugBank.d318.s2.e3|effect
DDI-DrugBank.d318.s2|DDI-DrugBank.d318.s2.e1|DDI-DrugBank.d318.s2.e3|effect
DDI-DrugBank.d318.s2|DDI-DrugBank.d318.s2.e2|DDI-DrugBank.d318.s2.e3|effect
DDI-DrugBank.d318.s5|DDI-DrugBank.d318.s5.e1|DDI-DrugBank.d318.s5.e2|effect
DDI-DrugBank.d318.s7|DDI-DrugBank.d318.s7.e1|DDI-DrugBank.d318.s7.e2|effect
DDI-DrugBank.d318.s12|DDI-DrugBank.d318.s12.e1|DDI-DrugBank.d318.s12.e2|effect
DDI-DrugBank.d318.s12|DDI-DrugBank.d318.s12.e1|DDI-DrugBank.d318.s12.e3|effect
DDI-DrugBank.d318.s12|DDI-DrugBank.d318.s12.e2|DDI-DrugBank.d318.s12.e3|effect
DDI-DrugBank.d640.s1|DDI-DrugBank.d640.s1.e0|DDI-DrugBank.d640.s1.e1|advise
DDI-DrugBank.d640.s3|DDI-DrugBank.d640.s3.e0|DDI-DrugBank.d640.s3.e5|effect
DDI-DrugBank.d640.s3|DDI-DrugBank.d640.s3.e4|DDI-DrugBank.d640.s3.e5|effect
DDI-DrugBank.d640.s6|DDI-DrugBank.d640.s6.e3|DDI-DrugBank.d640.s6.e4|effect
DDI-DrugBank.d640.s8|DDI-DrugBank.d640.s8.e0|DDI-DrugBank.d640.s8.e1|effect
DDI-DrugBank.d465.s0|DDI-DrugBank.d465.s0.e0|DDI-DrugBank.d465.s0.e1|effect
DDI-DrugBank.d580.s1|DDI-DrugBank.d580.s1.e0|DDI-DrugBank.d580.s1.e1|mechanism
DDI-DrugBank.d367.s4|DDI-DrugBank.d367.s4.e0|DDI-DrugBank.d367.s4.e2|advise
DDI-DrugBank.d756.s0|DDI-DrugBank.d756.s0.e0|DDI-DrugBank.d756.s0.e1|advise
DDI-DrugBank.d756.s0|DDI-DrugBank.d756.s0.e0|DDI-DrugBank.d756.s0.e2|advise
DDI-DrugBank.d756.s2|DDI-DrugBank.d756.s2.e0|DDI-DrugBank.d756.s2.e1|effect
DDI-DrugBank.d756.s2|DDI-DrugBank.d756.s2.e0|DDI-DrugBank.d756.s2.e2|effect
DDI-DrugBank.d756.s4|DDI-DrugBank.d756.s4.e0|DDI-DrugBank.d756.s4.e1|advise
DDI-DrugBank.d756.s4|DDI-DrugBank.d756.s4.e0|DDI-DrugBank.d756.s4.e2|advise
DDI-DrugBank.d756.s4|DDI-DrugBank.d756.s4.e0|DDI-DrugBank.d756.s4.e3|advise
DDI-DrugBank.d756.s7|DDI-DrugBank.d756.s7.e0|DDI-DrugBank.d756.s7.e3|effect
DDI-DrugBank.d756.s7|DDI-DrugBank.d756.s7.e1|DDI-DrugBank.d756.s7.e3|effect
DDI-DrugBank.d756.s7|DDI-DrugBank.d756.s7.e2|DDI-DrugBank.d756.s7.e3|effect
DDI-MedLine.d29.s8|DDI-MedLine.d29.s8.e0|DDI-MedLine.d29.s8.e1|mechanism
DDI-DrugBank.d746.s0|DDI-DrugBank.d746.s0.e0|DDI-DrugBank.d746.s0.e1|advise
DDI-DrugBank.d746.s0|DDI-DrugBank.d746.s0.e0|DDI-DrugBank.d746.s0.e2|advise
DDI-DrugBank.d746.s1|DDI-DrugBank.d746.s1.e1|DDI-DrugBank.d746.s1.e2|effect
DDI-DrugBank.d328.s4|DDI-DrugBank.d328.s4.e1|DDI-DrugBank.d328.s4.e2|effect
DDI-DrugBank.d328.s4|DDI-DrugBank.d328.s4.e1|DDI-DrugBank.d328.s4.e3|effect
DDI-DrugBank.d328.s8|DDI-DrugBank.d328.s8.e1|DDI-DrugBank.d328.s8.e2|effect
DDI-DrugBank.d328.s9|DDI-DrugBank.d328.s9.e0|DDI-DrugBank.d328.s9.e1|advise
DDI-DrugBank.d328.s10|DDI-DrugBank.d328.s10.e1|DDI-DrugBank.d328.s10.e2|effect
DDI-DrugBank.d328.s10|DDI-DrugBank.d328.s10.e1|DDI-DrugBank.d328.s10.e3|effect
DDI-DrugBank.d328.s13|DDI-DrugBank.d328.s13.e0|DDI-DrugBank.d328.s13.e1|advise
DDI-DrugBank.d328.s20|DDI-DrugBank.d328.s20.e1|DDI-DrugBank.d328.s20.e2|mechanism
DDI-DrugBank.d328.s20|DDI-DrugBank.d328.s20.e1|DDI-DrugBank.d328.s20.e3|mechanism
DDI-DrugBank.d328.s21|DDI-DrugBank.d328.s21.e0|DDI-DrugBank.d328.s21.e1|advise
DDI-DrugBank.d328.s21|DDI-DrugBank.d328.s21.e0|DDI-DrugBank.d328.s21.e2|advise
DDI-DrugBank.d328.s21|DDI-DrugBank.d328.s21.e1|DDI-DrugBank.d328.s21.e2|advise
DDI-DrugBank.d328.s23|DDI-DrugBank.d328.s23.e1|DDI-DrugBank.d328.s23.e2|effect
DDI-DrugBank.d328.s23|DDI-DrugBank.d328.s23.e1|DDI-DrugBank.d328.s23.e3|effect
DDI-DrugBank.d328.s24|DDI-DrugBank.d328.s24.e0|DDI-DrugBank.d328.s24.e1|mechanism
DDI-DrugBank.d328.s26|DDI-DrugBank.d328.s26.e0|DDI-DrugBank.d328.s26.e1|advise
DDI-DrugBank.d328.s26|DDI-DrugBank.d328.s26.e0|DDI-DrugBank.d328.s26.e2|advise
DDI-DrugBank.d328.s26|DDI-DrugBank.d328.s26.e1|DDI-DrugBank.d328.s26.e2|advise
DDI-DrugBank.d328.s29|DDI-DrugBank.d328.s29.e0|DDI-DrugBank.d328.s29.e1|mechanism
DDI-DrugBank.d328.s29|DDI-DrugBank.d328.s29.e0|DDI-DrugBank.d328.s29.e2|mechanism
DDI-DrugBank.d328.s29|DDI-DrugBank.d328.s29.e1|DDI-DrugBank.d328.s29.e2|mechanism
DDI-DrugBank.d328.s36|DDI-DrugBank.d328.s36.e0|DDI-DrugBank.d328.s36.e1|mechanism
DDI-DrugBank.d328.s39|DDI-DrugBank.d328.s39.e0|DDI-DrugBank.d328.s39.e1|mechanism
DDI-DrugBank.d328.s42|DDI-DrugBank.d328.s42.e0|DDI-DrugBank.d328.s42.e1|mechanism
DDI-DrugBank.d328.s44|DDI-DrugBank.d328.s44.e0|DDI-DrugBank.d328.s44.e2|mechanism
DDI-DrugBank.d328.s44|DDI-DrugBank.d328.s44.e0|DDI-DrugBank.d328.s44.e3|mechanism
DDI-DrugBank.d328.s44|DDI-DrugBank.d328.s44.e2|DDI-DrugBank.d328.s44.e3|mechanism
DDI-DrugBank.d65.s0|DDI-DrugBank.d65.s0.e0|DDI-DrugBank.d65.s0.e1|mechanism
DDI-MedLine.d169.s1|DDI-MedLine.d169.s1.e0|DDI-MedLine.d169.s1.e1|mechanism
DDI-MedLine.d169.s1|DDI-MedLine.d169.s1.e0|DDI-MedLine.d169.s1.e2|mechanism
DDI-MedLine.d169.s8|DDI-MedLine.d169.s8.e0|DDI-MedLine.d169.s8.e1|mechanism
DDI-MedLine.d169.s9|DDI-MedLine.d169.s9.e0|DDI-MedLine.d169.s9.e1|mechanism
DDI-DrugBank.d69.s0|DDI-DrugBank.d69.s0.e0|DDI-DrugBank.d69.s0.e1|mechanism
DDI-DrugBank.d69.s1|DDI-DrugBank.d69.s1.e0|DDI-DrugBank.d69.s1.e1|advise
DDI-DrugBank.d69.s1|DDI-DrugBank.d69.s1.e0|DDI-DrugBank.d69.s1.e2|advise
DDI-DrugBank.d69.s2|DDI-DrugBank.d69.s2.e0|DDI-DrugBank.d69.s2.e1|mechanism
DDI-DrugBank.d141.s5|DDI-DrugBank.d141.s5.e0|DDI-DrugBank.d141.s5.e1|mechanism
DDI-DrugBank.d141.s5|DDI-DrugBank.d141.s5.e0|DDI-DrugBank.d141.s5.e2|mechanism
DDI-DrugBank.d141.s5|DDI-DrugBank.d141.s5.e0|DDI-DrugBank.d141.s5.e3|mechanism
DDI-DrugBank.d706.s0|DDI-DrugBank.d706.s0.e0|DDI-DrugBank.d706.s0.e1|effect
DDI-DrugBank.d104.s0|DDI-DrugBank.d104.s0.e0|DDI-DrugBank.d104.s0.e1|effect
DDI-DrugBank.d104.s0|DDI-DrugBank.d104.s0.e0|DDI-DrugBank.d104.s0.e2|effect
DDI-DrugBank.d104.s0|DDI-DrugBank.d104.s0.e0|DDI-DrugBank.d104.s0.e3|effect
DDI-DrugBank.d104.s0|DDI-DrugBank.d104.s0.e0|DDI-DrugBank.d104.s0.e4|effect
DDI-DrugBank.d104.s1|DDI-DrugBank.d104.s1.e0|DDI-DrugBank.d104.s1.e1|advise
DDI-DrugBank.d252.s1|DDI-DrugBank.d252.s1.e0|DDI-DrugBank.d252.s1.e1|advise
DDI-DrugBank.d252.s2|DDI-DrugBank.d252.s2.e0|DDI-DrugBank.d252.s2.e1|advise
DDI-DrugBank.d252.s4|DDI-DrugBank.d252.s4.e0|DDI-DrugBank.d252.s4.e1|effect
DDI-DrugBank.d252.s4|DDI-DrugBank.d252.s4.e0|DDI-DrugBank.d252.s4.e2|effect
DDI-MedLine.d74.s4|DDI-MedLine.d74.s4.e0|DDI-MedLine.d74.s4.e1|effect
DDI-MedLine.d74.s5|DDI-MedLine.d74.s5.e1|DDI-MedLine.d74.s5.e2|effect
DDI-DrugBank.d179.s1|DDI-DrugBank.d179.s1.e0|DDI-DrugBank.d179.s1.e1|effect
DDI-DrugBank.d179.s37|DDI-DrugBank.d179.s37.e1|DDI-DrugBank.d179.s37.e2|effect
DDI-DrugBank.d179.s38|DDI-DrugBank.d179.s38.e2|DDI-DrugBank.d179.s38.e3|effect
DDI-DrugBank.d179.s39|DDI-DrugBank.d179.s39.e2|DDI-DrugBank.d179.s39.e3|effect
DDI-DrugBank.d179.s40|DDI-DrugBank.d179.s40.e2|DDI-DrugBank.d179.s40.e3|effect
DDI-DrugBank.d171.s0|DDI-DrugBank.d171.s0.e0|DDI-DrugBank.d171.s0.e1|mechanism
DDI-DrugBank.d171.s0|DDI-DrugBank.d171.s0.e0|DDI-DrugBank.d171.s0.e7|mechanism
DDI-DrugBank.d171.s0|DDI-DrugBank.d171.s0.e1|DDI-DrugBank.d171.s0.e7|mechanism
DDI-DrugBank.d171.s2|DDI-DrugBank.d171.s2.e0|DDI-DrugBank.d171.s2.e1|advise
DDI-DrugBank.d171.s3|DDI-DrugBank.d171.s3.e1|DDI-DrugBank.d171.s3.e2|effect
DDI-DrugBank.d497.s0|DDI-DrugBank.d497.s0.e1|DDI-DrugBank.d497.s0.e2|mechanism
DDI-DrugBank.d359.s1|DDI-DrugBank.d359.s1.e0|DDI-DrugBank.d359.s1.e1|advise
DDI-DrugBank.d359.s1|DDI-DrugBank.d359.s1.e0|DDI-DrugBank.d359.s1.e2|advise
DDI-DrugBank.d359.s3|DDI-DrugBank.d359.s3.e0|DDI-DrugBank.d359.s3.e1|mechanism
DDI-DrugBank.d359.s3|DDI-DrugBank.d359.s3.e0|DDI-DrugBank.d359.s3.e2|mechanism
DDI-DrugBank.d359.s3|DDI-DrugBank.d359.s3.e1|DDI-DrugBank.d359.s3.e2|mechanism
DDI-DrugBank.d359.s4|DDI-DrugBank.d359.s4.e0|DDI-DrugBank.d359.s4.e1|mechanism
DDI-DrugBank.d359.s6|DDI-DrugBank.d359.s6.e0|DDI-DrugBank.d359.s6.e1|advise
DDI-DrugBank.d213.s3|DDI-DrugBank.d213.s3.e0|DDI-DrugBank.d213.s3.e1|effect
DDI-DrugBank.d213.s3|DDI-DrugBank.d213.s3.e0|DDI-DrugBank.d213.s3.e2|effect
DDI-DrugBank.d761.s3|DDI-DrugBank.d761.s3.e0|DDI-DrugBank.d761.s3.e1|mechanism
DDI-DrugBank.d761.s3|DDI-DrugBank.d761.s3.e0|DDI-DrugBank.d761.s3.e2|mechanism
DDI-DrugBank.d761.s3|DDI-DrugBank.d761.s3.e1|DDI-DrugBank.d761.s3.e2|mechanism
DDI-DrugBank.d761.s4|DDI-DrugBank.d761.s4.e0|DDI-DrugBank.d761.s4.e1|mechanism
DDI-DrugBank.d163.s5|DDI-DrugBank.d163.s5.e0|DDI-DrugBank.d163.s5.e1|effect
DDI-DrugBank.d163.s7|DDI-DrugBank.d163.s7.e0|DDI-DrugBank.d163.s7.e1|advise
DDI-DrugBank.d163.s10|DDI-DrugBank.d163.s10.e1|DDI-DrugBank.d163.s10.e2|mechanism
DDI-MedLine.d1.s5|DDI-MedLine.d1.s5.e0|DDI-MedLine.d1.s5.e1|advise
DDI-MedLine.d1.s5|DDI-MedLine.d1.s5.e0|DDI-MedLine.d1.s5.e2|advise
DDI-DrugBank.d172.s9|DDI-DrugBank.d172.s9.e1|DDI-DrugBank.d172.s9.e2|effect
DDI-DrugBank.d172.s10|DDI-DrugBank.d172.s10.e0|DDI-DrugBank.d172.s10.e1|advise
DDI-DrugBank.d172.s11|DDI-DrugBank.d172.s11.e1|DDI-DrugBank.d172.s11.e2|effect
DDI-DrugBank.d172.s11|DDI-DrugBank.d172.s11.e1|DDI-DrugBank.d172.s11.e3|effect
DDI-DrugBank.d172.s13|DDI-DrugBank.d172.s13.e1|DDI-DrugBank.d172.s13.e2|mechanism
DDI-DrugBank.d172.s14|DDI-DrugBank.d172.s14.e0|DDI-DrugBank.d172.s14.e1|effect
DDI-DrugBank.d172.s14|DDI-DrugBank.d172.s14.e0|DDI-DrugBank.d172.s14.e2|effect
DDI-DrugBank.d172.s18|DDI-DrugBank.d172.s18.e0|DDI-DrugBank.d172.s18.e1|advise
DDI-DrugBank.d172.s19|DDI-DrugBank.d172.s19.e1|DDI-DrugBank.d172.s19.e2|mechanism
DDI-DrugBank.d172.s19|DDI-DrugBank.d172.s19.e1|DDI-DrugBank.d172.s19.e3|mechanism
DDI-DrugBank.d172.s19|DDI-DrugBank.d172.s19.e2|DDI-DrugBank.d172.s19.e3|mechanism
DDI-DrugBank.d172.s20|DDI-DrugBank.d172.s20.e0|DDI-DrugBank.d172.s20.e1|advise
DDI-DrugBank.d172.s22|DDI-DrugBank.d172.s22.e1|DDI-DrugBank.d172.s22.e2|effect
DDI-DrugBank.d172.s24|DDI-DrugBank.d172.s24.e0|DDI-DrugBank.d172.s24.e1|advise
DDI-DrugBank.d41.s0|DDI-DrugBank.d41.s0.e0|DDI-DrugBank.d41.s0.e2|mechanism
DDI-DrugBank.d41.s3|DDI-DrugBank.d41.s3.e0|DDI-DrugBank.d41.s3.e1|mechanism
DDI-DrugBank.d41.s9|DDI-DrugBank.d41.s9.e1|DDI-DrugBank.d41.s9.e2|mechanism
DDI-DrugBank.d41.s15|DDI-DrugBank.d41.s15.e0|DDI-DrugBank.d41.s15.e2|advise
DDI-DrugBank.d41.s15|DDI-DrugBank.d41.s15.e1|DDI-DrugBank.d41.s15.e2|advise
DDI-DrugBank.d41.s16|DDI-DrugBank.d41.s16.e1|DDI-DrugBank.d41.s16.e2|effect
DDI-DrugBank.d185.s3|DDI-DrugBank.d185.s3.e0|DDI-DrugBank.d185.s3.e1|mechanism
DDI-DrugBank.d185.s5|DDI-DrugBank.d185.s5.e0|DDI-DrugBank.d185.s5.e1|mechanism
DDI-DrugBank.d185.s6|DDI-DrugBank.d185.s6.e0|DDI-DrugBank.d185.s6.e1|mechanism
DDI-DrugBank.d185.s6|DDI-DrugBank.d185.s6.e0|DDI-DrugBank.d185.s6.e2|mechanism
DDI-DrugBank.d464.s0|DDI-DrugBank.d464.s0.e0|DDI-DrugBank.d464.s0.e1|effect
DDI-DrugBank.d464.s0|DDI-DrugBank.d464.s0.e0|DDI-DrugBank.d464.s0.e3|effect
DDI-DrugBank.d464.s0|DDI-DrugBank.d464.s0.e0|DDI-DrugBank.d464.s0.e4|effect
DDI-DrugBank.d464.s0|DDI-DrugBank.d464.s0.e0|DDI-DrugBank.d464.s0.e5|effect
DDI-DrugBank.d464.s0|DDI-DrugBank.d464.s0.e0|DDI-DrugBank.d464.s0.e6|effect
DDI-DrugBank.d464.s0|DDI-DrugBank.d464.s0.e0|DDI-DrugBank.d464.s0.e7|effect
DDI-DrugBank.d223.s10|DDI-DrugBank.d223.s10.e0|DDI-DrugBank.d223.s10.e1|advise
DDI-DrugBank.d223.s20|DDI-DrugBank.d223.s20.e0|DDI-DrugBank.d223.s20.e1|advise
DDI-DrugBank.d223.s23|DDI-DrugBank.d223.s23.e0|DDI-DrugBank.d223.s23.e1|effect
DDI-DrugBank.d186.s3|DDI-DrugBank.d186.s3.e1|DDI-DrugBank.d186.s3.e2|effect
DDI-DrugBank.d186.s3|DDI-DrugBank.d186.s3.e1|DDI-DrugBank.d186.s3.e3|effect
DDI-DrugBank.d186.s3|DDI-DrugBank.d186.s3.e1|DDI-DrugBank.d186.s3.e4|effect
DDI-DrugBank.d186.s3|DDI-DrugBank.d186.s3.e1|DDI-DrugBank.d186.s3.e5|effect
DDI-DrugBank.d186.s4|DDI-DrugBank.d186.s4.e0|DDI-DrugBank.d186.s4.e1|mechanism
DDI-DrugBank.d186.s4|DDI-DrugBank.d186.s4.e0|DDI-DrugBank.d186.s4.e2|mechanism
DDI-DrugBank.d186.s5|DDI-DrugBank.d186.s5.e0|DDI-DrugBank.d186.s5.e1|effect
DDI-DrugBank.d186.s5|DDI-DrugBank.d186.s5.e0|DDI-DrugBank.d186.s5.e2|effect
DDI-DrugBank.d186.s5|DDI-DrugBank.d186.s5.e2|DDI-DrugBank.d186.s5.e3|effect
DDI-DrugBank.d186.s6|DDI-DrugBank.d186.s6.e0|DDI-DrugBank.d186.s6.e1|advise
DDI-DrugBank.d250.s0|DDI-DrugBank.d250.s0.e1|DDI-DrugBank.d250.s0.e2|effect
DDI-DrugBank.d250.s2|DDI-DrugBank.d250.s2.e4|DDI-DrugBank.d250.s2.e6|advise
DDI-DrugBank.d250.s3|DDI-DrugBank.d250.s3.e0|DDI-DrugBank.d250.s3.e1|effect
DDI-DrugBank.d250.s4|DDI-DrugBank.d250.s4.e0|DDI-DrugBank.d250.s4.e1|advise
DDI-DrugBank.d454.s2|DDI-DrugBank.d454.s2.e0|DDI-DrugBank.d454.s2.e1|effect
DDI-DrugBank.d454.s4|DDI-DrugBank.d454.s4.e0|DDI-DrugBank.d454.s4.e1|effect
DDI-DrugBank.d759.s0|DDI-DrugBank.d759.s0.e0|DDI-DrugBank.d759.s0.e1|effect
DDI-MedLine.d132.s10|DDI-MedLine.d132.s10.e0|DDI-MedLine.d132.s10.e1|mechanism
DDI-DrugBank.d514.s4|DDI-DrugBank.d514.s4.e0|DDI-DrugBank.d514.s4.e1|effect
DDI-DrugBank.d107.s0|DDI-DrugBank.d107.s0.e0|DDI-DrugBank.d107.s0.e1|effect
DDI-DrugBank.d107.s0|DDI-DrugBank.d107.s0.e0|DDI-DrugBank.d107.s0.e2|effect
DDI-DrugBank.d107.s1|DDI-DrugBank.d107.s1.e1|DDI-DrugBank.d107.s1.e2|effect
DDI-DrugBank.d107.s1|DDI-DrugBank.d107.s1.e1|DDI-DrugBank.d107.s1.e3|effect
DDI-DrugBank.d107.s1|DDI-DrugBank.d107.s1.e1|DDI-DrugBank.d107.s1.e4|effect
DDI-DrugBank.d107.s3|DDI-DrugBank.d107.s3.e0|DDI-DrugBank.d107.s3.e1|effect
DDI-DrugBank.d107.s3|DDI-DrugBank.d107.s3.e0|DDI-DrugBank.d107.s3.e2|effect
DDI-DrugBank.d107.s3|DDI-DrugBank.d107.s3.e0|DDI-DrugBank.d107.s3.e3|effect
DDI-DrugBank.d107.s3|DDI-DrugBank.d107.s3.e1|DDI-DrugBank.d107.s3.e2|effect
DDI-DrugBank.d107.s3|DDI-DrugBank.d107.s3.e1|DDI-DrugBank.d107.s3.e3|effect
DDI-DrugBank.d107.s3|DDI-DrugBank.d107.s3.e2|DDI-DrugBank.d107.s3.e3|effect
DDI-DrugBank.d107.s4|DDI-DrugBank.d107.s4.e1|DDI-DrugBank.d107.s4.e2|effect
DDI-DrugBank.d107.s8|DDI-DrugBank.d107.s8.e0|DDI-DrugBank.d107.s8.e1|effect
DDI-DrugBank.d107.s9|DDI-DrugBank.d107.s9.e0|DDI-DrugBank.d107.s9.e1|advise
DDI-DrugBank.d107.s12|DDI-DrugBank.d107.s12.e1|DDI-DrugBank.d107.s12.e2|effect
DDI-DrugBank.d107.s13|DDI-DrugBank.d107.s13.e4|DDI-DrugBank.d107.s13.e5|effect
DDI-DrugBank.d107.s16|DDI-DrugBank.d107.s16.e2|DDI-DrugBank.d107.s16.e3|effect
DDI-DrugBank.d107.s17|DDI-DrugBank.d107.s17.e1|DDI-DrugBank.d107.s17.e2|advise
DDI-DrugBank.d287.s0|DDI-DrugBank.d287.s0.e0|DDI-DrugBank.d287.s0.e1|advise
DDI-DrugBank.d489.s2|DDI-DrugBank.d489.s2.e0|DDI-DrugBank.d489.s2.e1|effect
DDI-DrugBank.d489.s5|DDI-DrugBank.d489.s5.e0|DDI-DrugBank.d489.s5.e1|advise
DDI-DrugBank.d489.s6|DDI-DrugBank.d489.s6.e0|DDI-DrugBank.d489.s6.e1|effect
DDI-DrugBank.d317.s5|DDI-DrugBank.d317.s5.e0|DDI-DrugBank.d317.s5.e1|mechanism
DDI-DrugBank.d766.s2|DDI-DrugBank.d766.s2.e0|DDI-DrugBank.d766.s2.e1|mechanism
DDI-DrugBank.d766.s2|DDI-DrugBank.d766.s2.e0|DDI-DrugBank.d766.s2.e2|mechanism
DDI-DrugBank.d766.s2|DDI-DrugBank.d766.s2.e1|DDI-DrugBank.d766.s2.e2|mechanism
DDI-DrugBank.d671.s2|DDI-DrugBank.d671.s2.e0|DDI-DrugBank.d671.s2.e1|effect
DDI-DrugBank.d630.s1|DDI-DrugBank.d630.s1.e0|DDI-DrugBank.d630.s1.e1|advise
DDI-DrugBank.d630.s1|DDI-DrugBank.d630.s1.e0|DDI-DrugBank.d630.s1.e2|advise
DDI-DrugBank.d630.s1|DDI-DrugBank.d630.s1.e0|DDI-DrugBank.d630.s1.e3|advise
DDI-DrugBank.d630.s1|DDI-DrugBank.d630.s1.e1|DDI-DrugBank.d630.s1.e2|advise
DDI-DrugBank.d630.s1|DDI-DrugBank.d630.s1.e1|DDI-DrugBank.d630.s1.e3|advise
DDI-DrugBank.d630.s1|DDI-DrugBank.d630.s1.e2|DDI-DrugBank.d630.s1.e3|advise
DDI-DrugBank.d736.s3|DDI-DrugBank.d736.s3.e0|DDI-DrugBank.d736.s3.e1|effect
DDI-DrugBank.d736.s5|DDI-DrugBank.d736.s5.e0|DDI-DrugBank.d736.s5.e1|effect
DDI-DrugBank.d736.s6|DDI-DrugBank.d736.s6.e0|DDI-DrugBank.d736.s6.e1|mechanism
DDI-DrugBank.d736.s6|DDI-DrugBank.d736.s6.e0|DDI-DrugBank.d736.s6.e2|mechanism
DDI-DrugBank.d736.s7|DDI-DrugBank.d736.s7.e0|DDI-DrugBank.d736.s7.e1|effect
DDI-MedLine.d47.s4|DDI-MedLine.d47.s4.e0|DDI-MedLine.d47.s4.e1|mechanism
DDI-DrugBank.d546.s0|DDI-DrugBank.d546.s0.e1|DDI-DrugBank.d546.s0.e2|advise
DDI-MedLine.d180.s10|DDI-MedLine.d180.s10.e0|DDI-MedLine.d180.s10.e1|effect
DDI-DrugBank.d97.s3|DDI-DrugBank.d97.s3.e0|DDI-DrugBank.d97.s3.e1|mechanism
DDI-DrugBank.d97.s4|DDI-DrugBank.d97.s4.e0|DDI-DrugBank.d97.s4.e1|mechanism
DDI-DrugBank.d97.s4|DDI-DrugBank.d97.s4.e0|DDI-DrugBank.d97.s4.e2|mechanism
DDI-DrugBank.d97.s4|DDI-DrugBank.d97.s4.e1|DDI-DrugBank.d97.s4.e2|mechanism
DDI-DrugBank.d97.s35|DDI-DrugBank.d97.s35.e0|DDI-DrugBank.d97.s35.e1|mechanism
DDI-DrugBank.d97.s47|DDI-DrugBank.d97.s47.e0|DDI-DrugBank.d97.s47.e1|mechanism
DDI-DrugBank.d97.s52|DDI-DrugBank.d97.s52.e0|DDI-DrugBank.d97.s52.e1|effect
DDI-DrugBank.d97.s52|DDI-DrugBank.d97.s52.e0|DDI-DrugBank.d97.s52.e2|effect
DDI-DrugBank.d97.s59|DDI-DrugBank.d97.s59.e0|DDI-DrugBank.d97.s59.e1|advise
DDI-DrugBank.d97.s78|DDI-DrugBank.d97.s78.e0|DDI-DrugBank.d97.s78.e1|mechanism
DDI-DrugBank.d97.s93|DDI-DrugBank.d97.s93.e0|DDI-DrugBank.d97.s93.e1|advise
DDI-DrugBank.d549.s1|DDI-DrugBank.d549.s1.e0|DDI-DrugBank.d549.s1.e1|effect
DDI-DrugBank.d549.s1|DDI-DrugBank.d549.s1.e0|DDI-DrugBank.d549.s1.e2|effect
DDI-DrugBank.d549.s2|DDI-DrugBank.d549.s2.e0|DDI-DrugBank.d549.s2.e1|effect
DDI-DrugBank.d153.s0|DDI-DrugBank.d153.s0.e1|DDI-DrugBank.d153.s0.e3|effect
DDI-DrugBank.d153.s0|DDI-DrugBank.d153.s0.e2|DDI-DrugBank.d153.s0.e3|effect
DDI-DrugBank.d153.s0|DDI-DrugBank.d153.s0.e2|DDI-DrugBank.d153.s0.e4|effect
DDI-DrugBank.d153.s4|DDI-DrugBank.d153.s4.e0|DDI-DrugBank.d153.s4.e2|effect
DDI-DrugBank.d153.s4|DDI-DrugBank.d153.s4.e1|DDI-DrugBank.d153.s4.e2|effect
DDI-DrugBank.d715.s0|DDI-DrugBank.d715.s0.e0|DDI-DrugBank.d715.s0.e1|advise
DDI-DrugBank.d715.s1|DDI-DrugBank.d715.s1.e0|DDI-DrugBank.d715.s1.e1|effect
DDI-MedLine.d62.s4|DDI-MedLine.d62.s4.e0|DDI-MedLine.d62.s4.e1|effect
DDI-MedLine.d62.s4|DDI-MedLine.d62.s4.e0|DDI-MedLine.d62.s4.e2|effect
DDI-MedLine.d62.s4|DDI-MedLine.d62.s4.e0|DDI-MedLine.d62.s4.e3|effect
DDI-DrugBank.d22.s1|DDI-DrugBank.d22.s1.e0|DDI-DrugBank.d22.s1.e1|effect
DDI-DrugBank.d22.s1|DDI-DrugBank.d22.s1.e0|DDI-DrugBank.d22.s1.e2|effect
DDI-DrugBank.d22.s1|DDI-DrugBank.d22.s1.e1|DDI-DrugBank.d22.s1.e2|effect
DDI-DrugBank.d22.s2|DDI-DrugBank.d22.s2.e0|DDI-DrugBank.d22.s2.e1|mechanism
DDI-DrugBank.d22.s3|DDI-DrugBank.d22.s3.e0|DDI-DrugBank.d22.s3.e1|effect
DDI-DrugBank.d241.s0|DDI-DrugBank.d241.s0.e0|DDI-DrugBank.d241.s0.e1|effect
DDI-DrugBank.d241.s0|DDI-DrugBank.d241.s0.e0|DDI-DrugBank.d241.s0.e2|effect
DDI-DrugBank.d241.s0|DDI-DrugBank.d241.s0.e0|DDI-DrugBank.d241.s0.e3|effect
DDI-DrugBank.d241.s1|DDI-DrugBank.d241.s1.e1|DDI-DrugBank.d241.s1.e2|effect
DDI-DrugBank.d241.s5|DDI-DrugBank.d241.s5.e0|DDI-DrugBank.d241.s5.e1|effect
DDI-DrugBank.d241.s5|DDI-DrugBank.d241.s5.e0|DDI-DrugBank.d241.s5.e2|effect
DDI-DrugBank.d241.s5|DDI-DrugBank.d241.s5.e0|DDI-DrugBank.d241.s5.e3|effect
DDI-DrugBank.d81.s8|DDI-DrugBank.d81.s8.e0|DDI-DrugBank.d81.s8.e1|advise
DDI-DrugBank.d81.s10|DDI-DrugBank.d81.s10.e1|DDI-DrugBank.d81.s10.e2|mechanism
DDI-DrugBank.d590.s0|DDI-DrugBank.d590.s0.e0|DDI-DrugBank.d590.s0.e1|mechanism
DDI-DrugBank.d590.s0|DDI-DrugBank.d590.s0.e0|DDI-DrugBank.d590.s0.e2|mechanism
DDI-DrugBank.d590.s0|DDI-DrugBank.d590.s0.e0|DDI-DrugBank.d590.s0.e3|mechanism
DDI-DrugBank.d590.s0|DDI-DrugBank.d590.s0.e1|DDI-DrugBank.d590.s0.e2|mechanism
DDI-DrugBank.d590.s0|DDI-DrugBank.d590.s0.e1|DDI-DrugBank.d590.s0.e3|mechanism
DDI-DrugBank.d590.s1|DDI-DrugBank.d590.s1.e0|DDI-DrugBank.d590.s1.e1|mechanism
DDI-DrugBank.d590.s2|DDI-DrugBank.d590.s2.e1|DDI-DrugBank.d590.s2.e2|mechanism
DDI-DrugBank.d110.s5|DDI-DrugBank.d110.s5.e0|DDI-DrugBank.d110.s5.e1|advise
DDI-DrugBank.d395.s1|DDI-DrugBank.d395.s1.e0|DDI-DrugBank.d395.s1.e1|advise
DDI-DrugBank.d395.s2|DDI-DrugBank.d395.s2.e1|DDI-DrugBank.d395.s2.e2|mechanism
DDI-DrugBank.d395.s3|DDI-DrugBank.d395.s3.e0|DDI-DrugBank.d395.s3.e1|mechanism
DDI-DrugBank.d395.s4|DDI-DrugBank.d395.s4.e1|DDI-DrugBank.d395.s4.e2|mechanism
DDI-DrugBank.d395.s5|DDI-DrugBank.d395.s5.e1|DDI-DrugBank.d395.s5.e2|effect
DDI-DrugBank.d395.s6|DDI-DrugBank.d395.s6.e2|DDI-DrugBank.d395.s6.e3|mechanism
DDI-DrugBank.d395.s7|DDI-DrugBank.d395.s7.e1|DDI-DrugBank.d395.s7.e2|mechanism
DDI-DrugBank.d395.s9|DDI-DrugBank.d395.s9.e1|DDI-DrugBank.d395.s9.e2|effect
DDI-DrugBank.d395.s9|DDI-DrugBank.d395.s9.e1|DDI-DrugBank.d395.s9.e3|effect
DDI-DrugBank.d395.s13|DDI-DrugBank.d395.s13.e0|DDI-DrugBank.d395.s13.e1|int
DDI-DrugBank.d395.s13|DDI-DrugBank.d395.s13.e0|DDI-DrugBank.d395.s13.e3|int
DDI-DrugBank.d395.s17|DDI-DrugBank.d395.s17.e0|DDI-DrugBank.d395.s17.e3|mechanism
DDI-DrugBank.d395.s17|DDI-DrugBank.d395.s17.e1|DDI-DrugBank.d395.s17.e3|mechanism
DDI-DrugBank.d395.s17|DDI-DrugBank.d395.s17.e2|DDI-DrugBank.d395.s17.e3|mechanism
DDI-DrugBank.d395.s18|DDI-DrugBank.d395.s18.e0|DDI-DrugBank.d395.s18.e1|mechanism
DDI-DrugBank.d395.s20|DDI-DrugBank.d395.s20.e1|DDI-DrugBank.d395.s20.e2|mechanism
DDI-DrugBank.d395.s21|DDI-DrugBank.d395.s21.e0|DDI-DrugBank.d395.s21.e1|mechanism
DDI-DrugBank.d395.s21|DDI-DrugBank.d395.s21.e0|DDI-DrugBank.d395.s21.e2|mechanism
DDI-DrugBank.d395.s22|DDI-DrugBank.d395.s22.e1|DDI-DrugBank.d395.s22.e2|effect
DDI-DrugBank.d395.s25|DDI-DrugBank.d395.s25.e0|DDI-DrugBank.d395.s25.e1|advise
DDI-DrugBank.d19.s1|DDI-DrugBank.d19.s1.e0|DDI-DrugBank.d19.s1.e1|mechanism
DDI-DrugBank.d19.s6|DDI-DrugBank.d19.s6.e0|DDI-DrugBank.d19.s6.e1|effect
DDI-DrugBank.d19.s9|DDI-DrugBank.d19.s9.e0|DDI-DrugBank.d19.s9.e1|effect
DDI-DrugBank.d19.s9|DDI-DrugBank.d19.s9.e0|DDI-DrugBank.d19.s9.e2|effect
DDI-DrugBank.d19.s9|DDI-DrugBank.d19.s9.e0|DDI-DrugBank.d19.s9.e3|effect
DDI-MedLine.d179.s6|DDI-MedLine.d179.s6.e0|DDI-MedLine.d179.s6.e1|effect
DDI-MedLine.d179.s7|DDI-MedLine.d179.s7.e0|DDI-MedLine.d179.s7.e1|effect
DDI-MedLine.d164.s1|DDI-MedLine.d164.s1.e0|DDI-MedLine.d164.s1.e1|effect
DDI-MedLine.d164.s1|DDI-MedLine.d164.s1.e0|DDI-MedLine.d164.s1.e3|effect
DDI-MedLine.d164.s5|DDI-MedLine.d164.s5.e0|DDI-MedLine.d164.s5.e1|effect
DDI-MedLine.d164.s5|DDI-MedLine.d164.s5.e0|DDI-MedLine.d164.s5.e2|effect
DDI-DrugBank.d197.s1|DDI-DrugBank.d197.s1.e4|DDI-DrugBank.d197.s1.e5|effect
DDI-DrugBank.d197.s1|DDI-DrugBank.d197.s1.e4|DDI-DrugBank.d197.s1.e8|effect
DDI-DrugBank.d197.s5|DDI-DrugBank.d197.s5.e1|DDI-DrugBank.d197.s5.e2|mechanism
DDI-DrugBank.d776.s2|DDI-DrugBank.d776.s2.e13|DDI-DrugBank.d776.s2.e14|effect
DDI-DrugBank.d776.s3|DDI-DrugBank.d776.s3.e0|DDI-DrugBank.d776.s3.e1|effect
DDI-DrugBank.d776.s4|DDI-DrugBank.d776.s4.e0|DDI-DrugBank.d776.s4.e1|mechanism
DDI-DrugBank.d776.s4|DDI-DrugBank.d776.s4.e0|DDI-DrugBank.d776.s4.e2|mechanism
DDI-DrugBank.d776.s4|DDI-DrugBank.d776.s4.e0|DDI-DrugBank.d776.s4.e3|mechanism
DDI-DrugBank.d776.s5|DDI-DrugBank.d776.s5.e0|DDI-DrugBank.d776.s5.e1|advise
DDI-DrugBank.d776.s5|DDI-DrugBank.d776.s5.e0|DDI-DrugBank.d776.s5.e2|advise
DDI-DrugBank.d776.s6|DDI-DrugBank.d776.s6.e1|DDI-DrugBank.d776.s6.e2|effect
DDI-DrugBank.d776.s7|DDI-DrugBank.d776.s7.e0|DDI-DrugBank.d776.s7.e1|effect
DDI-DrugBank.d776.s7|DDI-DrugBank.d776.s7.e1|DDI-DrugBank.d776.s7.e2|effect
DDI-DrugBank.d776.s8|DDI-DrugBank.d776.s8.e0|DDI-DrugBank.d776.s8.e1|advise
DDI-DrugBank.d776.s10|DDI-DrugBank.d776.s10.e1|DDI-DrugBank.d776.s10.e2|mechanism
DDI-DrugBank.d776.s11|DDI-DrugBank.d776.s11.e0|DDI-DrugBank.d776.s11.e1|advise
DDI-DrugBank.d776.s11|DDI-DrugBank.d776.s11.e0|DDI-DrugBank.d776.s11.e2|advise
DDI-DrugBank.d776.s11|DDI-DrugBank.d776.s11.e1|DDI-DrugBank.d776.s11.e2|advise
DDI-DrugBank.d776.s13|DDI-DrugBank.d776.s13.e1|DDI-DrugBank.d776.s13.e2|mechanism
DDI-DrugBank.d776.s14|DDI-DrugBank.d776.s14.e0|DDI-DrugBank.d776.s14.e1|advise
DDI-DrugBank.d776.s14|DDI-DrugBank.d776.s14.e0|DDI-DrugBank.d776.s14.e2|advise
DDI-DrugBank.d776.s16|DDI-DrugBank.d776.s16.e1|DDI-DrugBank.d776.s16.e2|mechanism
DDI-DrugBank.d776.s17|DDI-DrugBank.d776.s17.e0|DDI-DrugBank.d776.s17.e1|advise
DDI-DrugBank.d776.s18|DDI-DrugBank.d776.s18.e1|DDI-DrugBank.d776.s18.e2|mechanism
DDI-DrugBank.d776.s20|DDI-DrugBank.d776.s20.e1|DDI-DrugBank.d776.s20.e2|effect
DDI-DrugBank.d776.s23|DDI-DrugBank.d776.s23.e0|DDI-DrugBank.d776.s23.e1|mechanism
DDI-DrugBank.d776.s24|DDI-DrugBank.d776.s24.e0|DDI-DrugBank.d776.s24.e1|advise
DDI-DrugBank.d776.s27|DDI-DrugBank.d776.s27.e0|DDI-DrugBank.d776.s27.e1|advise
DDI-DrugBank.d776.s32|DDI-DrugBank.d776.s32.e0|DDI-DrugBank.d776.s32.e1|advise
DDI-DrugBank.d776.s33|DDI-DrugBank.d776.s33.e1|DDI-DrugBank.d776.s33.e2|effect
DDI-DrugBank.d776.s34|DDI-DrugBank.d776.s34.e0|DDI-DrugBank.d776.s34.e1|advise
DDI-DrugBank.d776.s38|DDI-DrugBank.d776.s38.e0|DDI-DrugBank.d776.s38.e3|effect
DDI-DrugBank.d776.s40|DDI-DrugBank.d776.s40.e0|DDI-DrugBank.d776.s40.e1|mechanism
DDI-DrugBank.d776.s40|DDI-DrugBank.d776.s40.e0|DDI-DrugBank.d776.s40.e2|mechanism
DDI-DrugBank.d227.s0|DDI-DrugBank.d227.s0.e0|DDI-DrugBank.d227.s0.e1|effect
DDI-DrugBank.d227.s0|DDI-DrugBank.d227.s0.e0|DDI-DrugBank.d227.s0.e2|effect
DDI-DrugBank.d30.s1|DDI-DrugBank.d30.s1.e0|DDI-DrugBank.d30.s1.e1|mechanism
DDI-DrugBank.d30.s8|DDI-DrugBank.d30.s8.e0|DDI-DrugBank.d30.s8.e4|effect
DDI-DrugBank.d30.s9|DDI-DrugBank.d30.s9.e1|DDI-DrugBank.d30.s9.e2|effect
DDI-DrugBank.d30.s9|DDI-DrugBank.d30.s9.e1|DDI-DrugBank.d30.s9.e3|effect
DDI-DrugBank.d622.s0|DDI-DrugBank.d622.s0.e0|DDI-DrugBank.d622.s0.e1|advise
DDI-DrugBank.d622.s0|DDI-DrugBank.d622.s0.e0|DDI-DrugBank.d622.s0.e2|effect
DDI-DrugBank.d622.s0|DDI-DrugBank.d622.s0.e1|DDI-DrugBank.d622.s0.e2|effect
DDI-DrugBank.d622.s1|DDI-DrugBank.d622.s1.e0|DDI-DrugBank.d622.s1.e1|effect
DDI-DrugBank.d622.s2|DDI-DrugBank.d622.s2.e0|DDI-DrugBank.d622.s2.e1|advise
DDI-DrugBank.d622.s2|DDI-DrugBank.d622.s2.e0|DDI-DrugBank.d622.s2.e2|advise
DDI-DrugBank.d622.s2|DDI-DrugBank.d622.s2.e1|DDI-DrugBank.d622.s2.e2|advise
DDI-DrugBank.d622.s3|DDI-DrugBank.d622.s3.e3|DDI-DrugBank.d622.s3.e5|effect
DDI-DrugBank.d346.s3|DDI-DrugBank.d346.s3.e0|DDI-DrugBank.d346.s3.e1|effect
DDI-DrugBank.d346.s4|DDI-DrugBank.d346.s4.e0|DDI-DrugBank.d346.s4.e2|advise
DDI-DrugBank.d509.s0|DDI-DrugBank.d509.s0.e1|DDI-DrugBank.d509.s0.e2|advise
DDI-DrugBank.d509.s0|DDI-DrugBank.d509.s0.e1|DDI-DrugBank.d509.s0.e3|advise
DDI-DrugBank.d509.s2|DDI-DrugBank.d509.s2.e0|DDI-DrugBank.d509.s2.e1|effect
DDI-DrugBank.d509.s7|DDI-DrugBank.d509.s7.e0|DDI-DrugBank.d509.s7.e1|mechanism
DDI-DrugBank.d509.s9|DDI-DrugBank.d509.s9.e2|DDI-DrugBank.d509.s9.e3|mechanism
DDI-DrugBank.d509.s11|DDI-DrugBank.d509.s11.e0|DDI-DrugBank.d509.s11.e1|advise
DDI-DrugBank.d509.s15|DDI-DrugBank.d509.s15.e1|DDI-DrugBank.d509.s15.e2|mechanism
DDI-DrugBank.d509.s19|DDI-DrugBank.d509.s19.e1|DDI-DrugBank.d509.s19.e2|mechanism
DDI-DrugBank.d509.s20|DDI-DrugBank.d509.s20.e0|DDI-DrugBank.d509.s20.e1|advise
DDI-DrugBank.d509.s20|DDI-DrugBank.d509.s20.e0|DDI-DrugBank.d509.s20.e2|advise
DDI-DrugBank.d509.s22|DDI-DrugBank.d509.s22.e0|DDI-DrugBank.d509.s22.e1|advise
DDI-MedLine.d185.s5|DDI-MedLine.d185.s5.e0|DDI-MedLine.d185.s5.e1|mechanism
DDI-MedLine.d185.s7|DDI-MedLine.d185.s7.e0|DDI-MedLine.d185.s7.e1|mechanism
DDI-DrugBank.d704.s4|DDI-DrugBank.d704.s4.e0|DDI-DrugBank.d704.s4.e1|advise
DDI-DrugBank.d704.s6|DDI-DrugBank.d704.s6.e0|DDI-DrugBank.d704.s6.e1|advise
DDI-MedLine.d159.s0|DDI-MedLine.d159.s0.e0|DDI-MedLine.d159.s0.e1|effect
DDI-DrugBank.d245.s0|DDI-DrugBank.d245.s0.e0|DDI-DrugBank.d245.s0.e1|effect
DDI-DrugBank.d245.s0|DDI-DrugBank.d245.s0.e0|DDI-DrugBank.d245.s0.e2|effect
DDI-DrugBank.d245.s0|DDI-DrugBank.d245.s0.e0|DDI-DrugBank.d245.s0.e3|effect
DDI-DrugBank.d245.s0|DDI-DrugBank.d245.s0.e0|DDI-DrugBank.d245.s0.e4|effect
DDI-DrugBank.d245.s0|DDI-DrugBank.d245.s0.e0|DDI-DrugBank.d245.s0.e5|effect
DDI-DrugBank.d245.s0|DDI-DrugBank.d245.s0.e0|DDI-DrugBank.d245.s0.e6|effect
DDI-DrugBank.d245.s0|DDI-DrugBank.d245.s0.e0|DDI-DrugBank.d245.s0.e7|effect
DDI-DrugBank.d245.s0|DDI-DrugBank.d245.s0.e0|DDI-DrugBank.d245.s0.e8|effect
DDI-DrugBank.d245.s7|DDI-DrugBank.d245.s7.e0|DDI-DrugBank.d245.s7.e1|advise
DDI-DrugBank.d245.s7|DDI-DrugBank.d245.s7.e0|DDI-DrugBank.d245.s7.e2|advise
DDI-DrugBank.d245.s8|DDI-DrugBank.d245.s8.e0|DDI-DrugBank.d245.s8.e1|effect
DDI-DrugBank.d245.s9|DDI-DrugBank.d245.s9.e0|DDI-DrugBank.d245.s9.e1|int
DDI-DrugBank.d357.s0|DDI-DrugBank.d357.s0.e1|DDI-DrugBank.d357.s0.e2|effect
DDI-DrugBank.d357.s0|DDI-DrugBank.d357.s0.e1|DDI-DrugBank.d357.s0.e3|effect
DDI-DrugBank.d357.s0|DDI-DrugBank.d357.s0.e1|DDI-DrugBank.d357.s0.e4|effect
DDI-DrugBank.d357.s0|DDI-DrugBank.d357.s0.e1|DDI-DrugBank.d357.s0.e5|effect
DDI-DrugBank.d357.s0|DDI-DrugBank.d357.s0.e1|DDI-DrugBank.d357.s0.e6|effect
DDI-DrugBank.d357.s0|DDI-DrugBank.d357.s0.e1|DDI-DrugBank.d357.s0.e7|effect
DDI-DrugBank.d357.s0|DDI-DrugBank.d357.s0.e1|DDI-DrugBank.d357.s0.e8|effect
DDI-DrugBank.d357.s0|DDI-DrugBank.d357.s0.e1|DDI-DrugBank.d357.s0.e9|effect
DDI-DrugBank.d357.s3|DDI-DrugBank.d357.s3.e1|DDI-DrugBank.d357.s3.e9|effect
DDI-DrugBank.d632.s3|DDI-DrugBank.d632.s3.e0|DDI-DrugBank.d632.s3.e1|advise
DDI-DrugBank.d632.s7|DDI-DrugBank.d632.s7.e0|DDI-DrugBank.d632.s7.e1|advise
DDI-DrugBank.d531.s5|DDI-DrugBank.d531.s5.e0|DDI-DrugBank.d531.s5.e3|mechanism
DDI-DrugBank.d531.s5|DDI-DrugBank.d531.s5.e1|DDI-DrugBank.d531.s5.e3|mechanism
DDI-DrugBank.d531.s5|DDI-DrugBank.d531.s5.e2|DDI-DrugBank.d531.s5.e3|mechanism
DDI-DrugBank.d531.s10|DDI-DrugBank.d531.s10.e1|DDI-DrugBank.d531.s10.e2|int
DDI-DrugBank.d531.s10|DDI-DrugBank.d531.s10.e1|DDI-DrugBank.d531.s10.e3|int
DDI-DrugBank.d531.s19|DDI-DrugBank.d531.s19.e1|DDI-DrugBank.d531.s19.e2|effect
DDI-DrugBank.d531.s19|DDI-DrugBank.d531.s19.e1|DDI-DrugBank.d531.s19.e3|advise
DDI-DrugBank.d531.s42|DDI-DrugBank.d531.s42.e0|DDI-DrugBank.d531.s42.e1|advise
DDI-DrugBank.d531.s42|DDI-DrugBank.d531.s42.e0|DDI-DrugBank.d531.s42.e2|advise
DDI-DrugBank.d531.s42|DDI-DrugBank.d531.s42.e1|DDI-DrugBank.d531.s42.e2|advise
DDI-DrugBank.d531.s45|DDI-DrugBank.d531.s45.e0|DDI-DrugBank.d531.s45.e1|mechanism
DDI-DrugBank.d531.s52|DDI-DrugBank.d531.s52.e0|DDI-DrugBank.d531.s52.e1|advise
DDI-DrugBank.d531.s52|DDI-DrugBank.d531.s52.e0|DDI-DrugBank.d531.s52.e2|advise
DDI-DrugBank.d531.s52|DDI-DrugBank.d531.s52.e1|DDI-DrugBank.d531.s52.e2|advise
DDI-DrugBank.d531.s63|DDI-DrugBank.d531.s63.e0|DDI-DrugBank.d531.s63.e1|advise
DDI-DrugBank.d531.s67|DDI-DrugBank.d531.s67.e0|DDI-DrugBank.d531.s67.e1|advise
DDI-DrugBank.d531.s74|DDI-DrugBank.d531.s74.e1|DDI-DrugBank.d531.s74.e2|mechanism
DDI-DrugBank.d531.s77|DDI-DrugBank.d531.s77.e1|DDI-DrugBank.d531.s77.e2|mechanism
DDI-DrugBank.d531.s79|DDI-DrugBank.d531.s79.e0|DDI-DrugBank.d531.s79.e1|mechanism
DDI-DrugBank.d531.s79|DDI-DrugBank.d531.s79.e0|DDI-DrugBank.d531.s79.e2|mechanism
DDI-DrugBank.d269.s3|DDI-DrugBank.d269.s3.e0|DDI-DrugBank.d269.s3.e1|effect
DDI-DrugBank.d269.s4|DDI-DrugBank.d269.s4.e1|DDI-DrugBank.d269.s4.e2|effect
DDI-DrugBank.d269.s5|DDI-DrugBank.d269.s5.e0|DDI-DrugBank.d269.s5.e1|advise
DDI-DrugBank.d269.s5|DDI-DrugBank.d269.s5.e0|DDI-DrugBank.d269.s5.e2|advise
DDI-DrugBank.d269.s5|DDI-DrugBank.d269.s5.e1|DDI-DrugBank.d269.s5.e2|advise
DDI-DrugBank.d269.s7|DDI-DrugBank.d269.s7.e1|DDI-DrugBank.d269.s7.e2|mechanism
DDI-DrugBank.d269.s8|DDI-DrugBank.d269.s8.e0|DDI-DrugBank.d269.s8.e1|mechanism
DDI-DrugBank.d269.s11|DDI-DrugBank.d269.s11.e1|DDI-DrugBank.d269.s11.e2|mechanism
DDI-DrugBank.d269.s11|DDI-DrugBank.d269.s11.e1|DDI-DrugBank.d269.s11.e3|mechanism
DDI-DrugBank.d269.s11|DDI-DrugBank.d269.s11.e2|DDI-DrugBank.d269.s11.e3|mechanism
DDI-DrugBank.d269.s13|DDI-DrugBank.d269.s13.e0|DDI-DrugBank.d269.s13.e1|advise
DDI-DrugBank.d269.s14|DDI-DrugBank.d269.s14.e0|DDI-DrugBank.d269.s14.e1|mechanism
DDI-DrugBank.d269.s16|DDI-DrugBank.d269.s16.e1|DDI-DrugBank.d269.s16.e2|effect
DDI-DrugBank.d269.s17|DDI-DrugBank.d269.s17.e1|DDI-DrugBank.d269.s17.e2|advise
DDI-DrugBank.d269.s17|DDI-DrugBank.d269.s17.e1|DDI-DrugBank.d269.s17.e3|advise
DDI-DrugBank.d269.s18|DDI-DrugBank.d269.s18.e2|DDI-DrugBank.d269.s18.e4|effect
DDI-DrugBank.d654.s0|DDI-DrugBank.d654.s0.e0|DDI-DrugBank.d654.s0.e1|mechanism
DDI-DrugBank.d95.s0|DDI-DrugBank.d95.s0.e1|DDI-DrugBank.d95.s0.e2|effect
DDI-DrugBank.d95.s1|DDI-DrugBank.d95.s1.e1|DDI-DrugBank.d95.s1.e2|mechanism
DDI-DrugBank.d95.s2|DDI-DrugBank.d95.s2.e1|DDI-DrugBank.d95.s2.e2|mechanism
DDI-DrugBank.d95.s3|DDI-DrugBank.d95.s3.e1|DDI-DrugBank.d95.s3.e2|effect
DDI-DrugBank.d44.s1|DDI-DrugBank.d44.s1.e0|DDI-DrugBank.d44.s1.e1|advise
DDI-DrugBank.d44.s2|DDI-DrugBank.d44.s2.e1|DDI-DrugBank.d44.s2.e2|advise
DDI-DrugBank.d44.s2|DDI-DrugBank.d44.s2.e1|DDI-DrugBank.d44.s2.e3|advise
DDI-DrugBank.d44.s2|DDI-DrugBank.d44.s2.e2|DDI-DrugBank.d44.s2.e3|advise
DDI-MedLine.d73.s0|DDI-MedLine.d73.s0.e1|DDI-MedLine.d73.s0.e2|effect
DDI-MedLine.d73.s1|DDI-MedLine.d73.s1.e0|DDI-MedLine.d73.s1.e1|effect
DDI-MedLine.d73.s2|DDI-MedLine.d73.s2.e0|DDI-MedLine.d73.s2.e1|effect
DDI-MedLine.d73.s3|DDI-MedLine.d73.s3.e0|DDI-MedLine.d73.s3.e1|effect
DDI-MedLine.d73.s3|DDI-MedLine.d73.s3.e1|DDI-MedLine.d73.s3.e2|effect
DDI-MedLine.d73.s4|DDI-MedLine.d73.s4.e0|DDI-MedLine.d73.s4.e2|effect
DDI-MedLine.d73.s4|DDI-MedLine.d73.s4.e1|DDI-MedLine.d73.s4.e2|effect
DDI-DrugBank.d371.s1|DDI-DrugBank.d371.s1.e0|DDI-DrugBank.d371.s1.e1|mechanism
DDI-DrugBank.d371.s1|DDI-DrugBank.d371.s1.e0|DDI-DrugBank.d371.s1.e2|mechanism
DDI-DrugBank.d371.s1|DDI-DrugBank.d371.s1.e0|DDI-DrugBank.d371.s1.e3|mechanism
DDI-DrugBank.d371.s1|DDI-DrugBank.d371.s1.e0|DDI-DrugBank.d371.s1.e4|mechanism
DDI-DrugBank.d371.s1|DDI-DrugBank.d371.s1.e0|DDI-DrugBank.d371.s1.e5|mechanism
DDI-DrugBank.d429.s2|DDI-DrugBank.d429.s2.e1|DDI-DrugBank.d429.s2.e2|mechanism
DDI-DrugBank.d429.s4|DDI-DrugBank.d429.s4.e1|DDI-DrugBank.d429.s4.e2|mechanism
DDI-DrugBank.d530.s1|DDI-DrugBank.d530.s1.e0|DDI-DrugBank.d530.s1.e1|effect
DDI-DrugBank.d530.s2|DDI-DrugBank.d530.s2.e2|DDI-DrugBank.d530.s2.e3|effect
DDI-DrugBank.d530.s3|DDI-DrugBank.d530.s3.e1|DDI-DrugBank.d530.s3.e2|effect
DDI-DrugBank.d737.s4|DDI-DrugBank.d737.s4.e1|DDI-DrugBank.d737.s4.e2|mechanism
DDI-DrugBank.d737.s10|DDI-DrugBank.d737.s10.e1|DDI-DrugBank.d737.s10.e9|effect
DDI-DrugBank.d124.s15|DDI-DrugBank.d124.s15.e1|DDI-DrugBank.d124.s15.e2|mechanism
DDI-DrugBank.d124.s17|DDI-DrugBank.d124.s17.e1|DDI-DrugBank.d124.s17.e2|mechanism
DDI-DrugBank.d124.s17|DDI-DrugBank.d124.s17.e1|DDI-DrugBank.d124.s17.e3|mechanism
DDI-DrugBank.d124.s17|DDI-DrugBank.d124.s17.e1|DDI-DrugBank.d124.s17.e4|mechanism
DDI-DrugBank.d124.s28|DDI-DrugBank.d124.s28.e0|DDI-DrugBank.d124.s28.e1|advise
DDI-DrugBank.d124.s28|DDI-DrugBank.d124.s28.e0|DDI-DrugBank.d124.s28.e2|advise
DDI-DrugBank.d124.s28|DDI-DrugBank.d124.s28.e1|DDI-DrugBank.d124.s28.e2|advise
DDI-DrugBank.d124.s30|DDI-DrugBank.d124.s30.e0|DDI-DrugBank.d124.s30.e4|mechanism
DDI-DrugBank.d124.s30|DDI-DrugBank.d124.s30.e1|DDI-DrugBank.d124.s30.e4|mechanism
DDI-DrugBank.d124.s30|DDI-DrugBank.d124.s30.e2|DDI-DrugBank.d124.s30.e4|mechanism
DDI-DrugBank.d124.s30|DDI-DrugBank.d124.s30.e3|DDI-DrugBank.d124.s30.e4|mechanism
DDI-DrugBank.d639.s0|DDI-DrugBank.d639.s0.e0|DDI-DrugBank.d639.s0.e1|effect
DDI-DrugBank.d639.s0|DDI-DrugBank.d639.s0.e0|DDI-DrugBank.d639.s0.e2|effect
DDI-DrugBank.d639.s0|DDI-DrugBank.d639.s0.e0|DDI-DrugBank.d639.s0.e3|effect
DDI-DrugBank.d639.s0|DDI-DrugBank.d639.s0.e0|DDI-DrugBank.d639.s0.e4|effect
DDI-DrugBank.d639.s0|DDI-DrugBank.d639.s0.e0|DDI-DrugBank.d639.s0.e5|effect
DDI-DrugBank.d639.s0|DDI-DrugBank.d639.s0.e0|DDI-DrugBank.d639.s0.e6|effect
DDI-DrugBank.d639.s0|DDI-DrugBank.d639.s0.e0|DDI-DrugBank.d639.s0.e7|effect
DDI-DrugBank.d639.s0|DDI-DrugBank.d639.s0.e0|DDI-DrugBank.d639.s0.e8|effect
DDI-DrugBank.d639.s0|DDI-DrugBank.d639.s0.e0|DDI-DrugBank.d639.s0.e9|effect
DDI-DrugBank.d639.s0|DDI-DrugBank.d639.s0.e0|DDI-DrugBank.d639.s0.e10|effect
DDI-DrugBank.d639.s0|DDI-DrugBank.d639.s0.e0|DDI-DrugBank.d639.s0.e11|effect
DDI-DrugBank.d639.s0|DDI-DrugBank.d639.s0.e0|DDI-DrugBank.d639.s0.e12|advise
DDI-DrugBank.d639.s2|DDI-DrugBank.d639.s2.e0|DDI-DrugBank.d639.s2.e1|mechanism
DDI-DrugBank.d639.s2|DDI-DrugBank.d639.s2.e0|DDI-DrugBank.d639.s2.e2|mechanism
DDI-DrugBank.d639.s2|DDI-DrugBank.d639.s2.e0|DDI-DrugBank.d639.s2.e4|mechanism
DDI-DrugBank.d639.s2|DDI-DrugBank.d639.s2.e0|DDI-DrugBank.d639.s2.e7|mechanism
DDI-DrugBank.d639.s2|DDI-DrugBank.d639.s2.e0|DDI-DrugBank.d639.s2.e8|mechanism
DDI-DrugBank.d237.s5|DDI-DrugBank.d237.s5.e0|DDI-DrugBank.d237.s5.e1|advise
DDI-DrugBank.d237.s6|DDI-DrugBank.d237.s6.e1|DDI-DrugBank.d237.s6.e2|mechanism
DDI-DrugBank.d237.s6|DDI-DrugBank.d237.s6.e1|DDI-DrugBank.d237.s6.e3|effect
DDI-DrugBank.d237.s7|DDI-DrugBank.d237.s7.e1|DDI-DrugBank.d237.s7.e5|mechanism
DDI-DrugBank.d237.s7|DDI-DrugBank.d237.s7.e3|DDI-DrugBank.d237.s7.e4|mechanism
DDI-DrugBank.d237.s7|DDI-DrugBank.d237.s7.e3|DDI-DrugBank.d237.s7.e5|mechanism
DDI-DrugBank.d237.s8|DDI-DrugBank.d237.s8.e0|DDI-DrugBank.d237.s8.e1|mechanism
DDI-DrugBank.d237.s8|DDI-DrugBank.d237.s8.e0|DDI-DrugBank.d237.s8.e2|mechanism
DDI-DrugBank.d237.s8|DDI-DrugBank.d237.s8.e1|DDI-DrugBank.d237.s8.e2|mechanism
DDI-DrugBank.d237.s11|DDI-DrugBank.d237.s11.e0|DDI-DrugBank.d237.s11.e2|mechanism
DDI-DrugBank.d237.s12|DDI-DrugBank.d237.s12.e1|DDI-DrugBank.d237.s12.e2|mechanism
DDI-DrugBank.d237.s12|DDI-DrugBank.d237.s12.e1|DDI-DrugBank.d237.s12.e3|mechanism
DDI-DrugBank.d237.s12|DDI-DrugBank.d237.s12.e1|DDI-DrugBank.d237.s12.e4|mechanism
DDI-DrugBank.d237.s12|DDI-DrugBank.d237.s12.e2|DDI-DrugBank.d237.s12.e3|mechanism
DDI-DrugBank.d237.s14|DDI-DrugBank.d237.s14.e0|DDI-DrugBank.d237.s14.e1|advise
DDI-DrugBank.d237.s14|DDI-DrugBank.d237.s14.e0|DDI-DrugBank.d237.s14.e2|advise
DDI-DrugBank.d237.s14|DDI-DrugBank.d237.s14.e0|DDI-DrugBank.d237.s14.e3|advise
DDI-DrugBank.d237.s14|DDI-DrugBank.d237.s14.e0|DDI-DrugBank.d237.s14.e4|advise
DDI-MedLine.d181.s6|DDI-MedLine.d181.s6.e0|DDI-MedLine.d181.s6.e1|effect
DDI-DrugBank.d308.s0|DDI-DrugBank.d308.s0.e0|DDI-DrugBank.d308.s0.e2|int
DDI-DrugBank.d308.s1|DDI-DrugBank.d308.s1.e0|DDI-DrugBank.d308.s1.e1|advise
DDI-DrugBank.d308.s3|DDI-DrugBank.d308.s3.e0|DDI-DrugBank.d308.s3.e1|advise
DDI-DrugBank.d475.s3|DDI-DrugBank.d475.s3.e0|DDI-DrugBank.d475.s3.e2|mechanism
DDI-DrugBank.d8.s0|DDI-DrugBank.d8.s0.e0|DDI-DrugBank.d8.s0.e1|effect
DDI-DrugBank.d8.s0|DDI-DrugBank.d8.s0.e0|DDI-DrugBank.d8.s0.e2|effect
DDI-DrugBank.d8.s0|DDI-DrugBank.d8.s0.e0|DDI-DrugBank.d8.s0.e3|effect
DDI-DrugBank.d8.s0|DDI-DrugBank.d8.s0.e0|DDI-DrugBank.d8.s0.e4|effect
DDI-DrugBank.d8.s0|DDI-DrugBank.d8.s0.e0|DDI-DrugBank.d8.s0.e5|effect
DDI-DrugBank.d8.s4|DDI-DrugBank.d8.s4.e0|DDI-DrugBank.d8.s4.e1|mechanism
DDI-DrugBank.d78.s5|DDI-DrugBank.d78.s5.e0|DDI-DrugBank.d78.s5.e1|mechanism
DDI-DrugBank.d78.s6|DDI-DrugBank.d78.s6.e1|DDI-DrugBank.d78.s6.e2|mechanism
DDI-DrugBank.d78.s7|DDI-DrugBank.d78.s7.e1|DDI-DrugBank.d78.s7.e2|advise
DDI-DrugBank.d78.s10|DDI-DrugBank.d78.s10.e0|DDI-DrugBank.d78.s10.e1|effect
DDI-DrugBank.d78.s10|DDI-DrugBank.d78.s10.e0|DDI-DrugBank.d78.s10.e3|effect
DDI-DrugBank.d78.s13|DDI-DrugBank.d78.s13.e0|DDI-DrugBank.d78.s13.e1|mechanism
DDI-DrugBank.d78.s14|DDI-DrugBank.d78.s14.e0|DDI-DrugBank.d78.s14.e1|mechanism
DDI-DrugBank.d78.s19|DDI-DrugBank.d78.s19.e2|DDI-DrugBank.d78.s19.e3|effect
DDI-DrugBank.d78.s20|DDI-DrugBank.d78.s20.e1|DDI-DrugBank.d78.s20.e2|effect
DDI-DrugBank.d739.s4|DDI-DrugBank.d739.s4.e0|DDI-DrugBank.d739.s4.e1|mechanism
DDI-DrugBank.d739.s6|DDI-DrugBank.d739.s6.e0|DDI-DrugBank.d739.s6.e1|mechanism
DDI-DrugBank.d739.s6|DDI-DrugBank.d739.s6.e1|DDI-DrugBank.d739.s6.e2|mechanism
DDI-DrugBank.d739.s13|DDI-DrugBank.d739.s13.e0|DDI-DrugBank.d739.s13.e1|mechanism
DDI-DrugBank.d739.s13|DDI-DrugBank.d739.s13.e1|DDI-DrugBank.d739.s13.e2|mechanism
DDI-DrugBank.d635.s0|DDI-DrugBank.d635.s0.e0|DDI-DrugBank.d635.s0.e1|advise
DDI-DrugBank.d73.s0|DDI-DrugBank.d73.s0.e0|DDI-DrugBank.d73.s0.e1|effect
DDI-DrugBank.d73.s2|DDI-DrugBank.d73.s2.e0|DDI-DrugBank.d73.s2.e1|effect
DDI-DrugBank.d73.s3|DDI-DrugBank.d73.s3.e0|DDI-DrugBank.d73.s3.e1|effect
DDI-DrugBank.d73.s4|DDI-DrugBank.d73.s4.e0|DDI-DrugBank.d73.s4.e1|advise
DDI-DrugBank.d73.s7|DDI-DrugBank.d73.s7.e0|DDI-DrugBank.d73.s7.e1|advise
DDI-DrugBank.d416.s3|DDI-DrugBank.d416.s3.e0|DDI-DrugBank.d416.s3.e1|effect
DDI-DrugBank.d446.s0|DDI-DrugBank.d446.s0.e0|DDI-DrugBank.d446.s0.e1|int
DDI-DrugBank.d446.s0|DDI-DrugBank.d446.s0.e0|DDI-DrugBank.d446.s0.e2|int
DDI-DrugBank.d446.s0|DDI-DrugBank.d446.s0.e0|DDI-DrugBank.d446.s0.e3|int
DDI-DrugBank.d446.s0|DDI-DrugBank.d446.s0.e0|DDI-DrugBank.d446.s0.e4|int
DDI-DrugBank.d446.s0|DDI-DrugBank.d446.s0.e0|DDI-DrugBank.d446.s0.e5|int
DDI-DrugBank.d446.s0|DDI-DrugBank.d446.s0.e0|DDI-DrugBank.d446.s0.e6|int
DDI-DrugBank.d446.s0|DDI-DrugBank.d446.s0.e0|DDI-DrugBank.d446.s0.e7|int
DDI-DrugBank.d446.s0|DDI-DrugBank.d446.s0.e0|DDI-DrugBank.d446.s0.e8|int
DDI-DrugBank.d446.s0|DDI-DrugBank.d446.s0.e0|DDI-DrugBank.d446.s0.e9|int
DDI-DrugBank.d446.s0|DDI-DrugBank.d446.s0.e0|DDI-DrugBank.d446.s0.e10|int
DDI-DrugBank.d446.s0|DDI-DrugBank.d446.s0.e0|DDI-DrugBank.d446.s0.e11|int
DDI-DrugBank.d446.s0|DDI-DrugBank.d446.s0.e0|DDI-DrugBank.d446.s0.e12|int
DDI-DrugBank.d446.s0|DDI-DrugBank.d446.s0.e0|DDI-DrugBank.d446.s0.e13|int
DDI-DrugBank.d14.s0|DDI-DrugBank.d14.s0.e0|DDI-DrugBank.d14.s0.e1|effect
DDI-DrugBank.d14.s2|DDI-DrugBank.d14.s2.e0|DDI-DrugBank.d14.s2.e1|effect
DDI-DrugBank.d433.s2|DDI-DrugBank.d433.s2.e0|DDI-DrugBank.d433.s2.e1|advise
